\BOOKMARK [1][-]{section.1}{Project description and goals}{}% 1
\BOOKMARK [1][-]{section.2}{Program pipeline}{}% 2
\BOOKMARK [1][-]{section.3}{Data acquisition}{}% 3
\BOOKMARK [1][-]{section.4}{Data pre-processing}{}% 4
\BOOKMARK [1][-]{section.5}{Features selection and extraction}{}% 5
\BOOKMARK [2][-]{subsection.5.1}{Statistical features}{section.5}% 6
\BOOKMARK [3][-]{subsubsection.5.1.1}{Presence}{subsection.5.1}% 7
\BOOKMARK [3][-]{subsubsection.5.1.2}{Mean height and width}{subsection.5.1}% 8
\BOOKMARK [3][-]{subsubsection.5.1.3}{Center of gravity}{subsection.5.1}% 9
\BOOKMARK [2][-]{subsection.5.2}{Structural}{section.5}% 10
\BOOKMARK [3][-]{subsubsection.5.2.1}{Horizontal splitting}{subsection.5.2}% 11
\BOOKMARK [3][-]{subsubsection.5.2.2}{Vertical splitting}{subsection.5.2}% 12
\BOOKMARK [3][-]{subsubsection.5.2.3}{Combined splitting}{subsection.5.2}% 13
\BOOKMARK [1][-]{section.6}{Classifying data}{}% 14
\BOOKMARK [2][-]{subsection.6.1}{LSTM Recurrent Neural Networks}{section.6}% 15
\BOOKMARK [2][-]{subsection.6.2}{Post-processing}{section.6}% 16
\BOOKMARK [3][-]{subsubsection.6.2.1}{Adaptation of the activation targets}{subsection.6.2}% 17
\BOOKMARK [3][-]{subsubsection.6.2.2}{User identification}{subsection.6.2}% 18
\BOOKMARK [1][-]{section.7}{Software manual}{}% 19
\BOOKMARK [1][-]{section.8}{Experimentations}{}% 20
\BOOKMARK [1][-]{section.9}{Improvements}{}% 21
\BOOKMARK [1][-]{section.10}{Conclusions}{}% 22
